2017-04-04 20:18:43.582 INFO  [localhost-startStop-1] com.haulmont.cuba.core.sys.AppComponents - Using app components: [com.haulmont.cuba]
2017-04-04 20:18:44.073 INFO  [localhost-startStop-1] com.haulmont.cuba.core.sys.AppContextLoader - Loading app properties from classpath:cuba-app.properties
2017-04-04 20:18:44.113 INFO  [localhost-startStop-1] com.haulmont.cuba.core.sys.AppContextLoader - Loading app properties from classpath:com/company/ams/app.properties
2017-04-04 20:18:47.575 INFO  [localhost-startStop-1] com.haulmont.cuba.core.sys.AppContextLoader - DbmsType of the main database is set to hsql
2017-04-04 20:18:49.026 INFO  [localhost-startStop-1] com.haulmont.cuba.core.sys.persistence.PersistenceConfigProcessor - Creating file /home/elangovan/Downloads/Asset_Management-master/build/tomcat/work/app-core/persistence.xml
2017-04-04 20:18:51.187 INFO  [localhost-startStop-1] com.haulmont.cuba.core.sys.CubaCoreApplicationContext - Refreshing com.haulmont.cuba.core.sys.CubaCoreApplicationContext@21209905: startup date [Tue Apr 04 20:18:51 IST 2017]; root of context hierarchy
2017-04-04 20:19:12.446 INFO  [localhost-startStop-1] com.haulmont.chile.core.datatypes.Datatypes - Can't find /datatypes.xml, using default datatypes settings
2017-04-04 20:19:25.629 INFO  [localhost-startStop-1] com.haulmont.cuba.core.sys.CubaThreadPoolTaskScheduler - Initializing ExecutorService  'scheduler'
2017-04-04 20:19:26.599 INFO  [localhost-startStop-1] com.haulmont.cuba.core.sys.jmx.MBeanExporter - Registering beans for JMX exposure: [app-core.cuba:type=PersistenceManager, app-core.cuba:type=ConfigStorage, app-core.cuba:type=UserSessions, app-core.cuba:type=UniqueNumbers, app-core.cuba:type=Emailer, app-core.cuba:type=EntityLog, app-core.cuba:type=FileStorage, app-core.cuba:type=LockManager, app-core.cuba:type=CachingFacade, app-core.cuba:type=ClusterManager, app-core.cuba:type=ScriptingManager, app-core.cuba:type=ServerInfo, app-core.cuba:type=Scheduling, app-core.cuba:type=ObjectsCacheManager, app-core.cuba:type=PasswordEncryptionSupport, app-core.cuba:type=JmxNodeIdentifier, app-core.cuba:type=JmxLogControl, app-core.cuba:type=ClassLoaderManager, app-core.cuba:type=StatisticsCounter, app-core.cuba:type=BruteForceProtection, app-core.cuba:type=QueryCacheSupport, app-core.cuba:type=IdpSessions]
2017-04-04 20:19:28.244 DEBUG [localhost-startStop-1] com.haulmont.cuba.security.app.LoginWorkerBean - Initialize anonymous session
2017-04-04 20:19:28.249 INFO  [localhost-startStop-1] com.haulmont.cuba.core.app.ConfigStorage - Loading DB-stored app properties cache
2017-04-04 20:19:34.005 INFO  [localhost-startStop-1] com.haulmont.cuba.core.sys.MetadataImpl - Initializing metadata
2017-04-04 20:19:34.686 INFO  [localhost-startStop-1] com.haulmont.cuba.core.sys.MetadataImpl - Metadata initialized in 681ms
2017-04-04 20:19:37.866 INFO  [localhost-startStop-1] com.haulmont.cuba.core.sys.DefaultPermissionValuesConfig - Initializing default permission values
2017-04-04 20:19:38.177 INFO  [localhost-startStop-1] com.haulmont.cuba.security.app.LoginWorkerBean - Logged in: dcfaf853-9e32-2fb2-dca7-2c2f4cc43078 [anonymous]
2017-04-04 20:19:38.179 DEBUG [localhost-startStop-1] com.haulmont.cuba.security.app.LoginWorkerBean - Anonymous session initialized with id dcfaf853-9e32-2fb2-dca7-2c2f4cc43078
2017-04-04 20:19:38.180 INFO  [localhost-startStop-1] com.haulmont.cuba.core.sys.AppContextLoader - AppContext initialized
2017-04-04 20:19:38.734 INFO  [localhost-startStop-1] com.haulmont.cuba.core.sys.remoting.RemotingServlet - FrameworkServlet 'remoting': initialization started
2017-04-04 20:19:38.832 INFO  [localhost-startStop-1] com.haulmont.cuba.core.sys.CubaDefaultXmlWebApplicationContext - Refreshing WebApplicationContext for namespace 'remoting-servlet': startup date [Tue Apr 04 20:19:38 IST 2017]; parent: com.haulmont.cuba.core.sys.CubaCoreApplicationContext@21209905
2017-04-04 20:19:39.032 INFO  [localhost-startStop-1] com.haulmont.cuba.core.sys.remoting.RemoteServicesBeanCreator - Configuring remote services
2017-04-04 20:19:42.886 INFO  [localhost-startStop-1] com.haulmont.cuba.core.sys.remoting.RemotingServlet - FrameworkServlet 'remoting': initialization completed in 4151 ms
2017-04-04 20:19:48.213 INFO  [localhost-startStop-1] com.haulmont.cuba.core.sys.AppComponents - Using app components: [com.haulmont.cuba]
2017-04-04 20:19:48.224 INFO  [localhost-startStop-1] com.haulmont.cuba.web.sys.WebAppContextLoader - Loading app properties from classpath:cuba-web-app.properties
2017-04-04 20:19:48.236 INFO  [localhost-startStop-1] com.haulmont.cuba.web.sys.WebAppContextLoader - Loading app properties from classpath:com/company/ams/web-app.properties
2017-04-04 20:19:48.278 INFO  [localhost-startStop-1] com.haulmont.cuba.core.sys.CubaClassPathXmlApplicationContext - Refreshing com.haulmont.cuba.core.sys.CubaClassPathXmlApplicationContext@d465671: startup date [Tue Apr 04 20:19:48 IST 2017]; root of context hierarchy
2017-04-04 20:19:52.691 INFO  [localhost-startStop-1] com.haulmont.cuba.web.sys.remoting.WebRemoteProxyBeanCreator - Configuring proxy beans for local service invocations: [cuba_LoginService, cuba_ServerInfoService, cuba_UserSettingService, cuba_UserManagementService, cuba_DataService, cuba_ConfigStorageService, cuba_PersistenceManagerService, cuba_LockService, cuba_UserSessionService, cuba_FoldersService, cuba_EmailService, cuba_FileStorageService, cuba_EntitySnapshotService, cuba_UniqueNumbersService, cuba_LocalizedMessageService, cuba_ResourceService, cuba_ScheduledTasksService, cuba_EntityLogService, cuba_TestingService, cuba_ObjectsCacheManagerService, cuba_DomainDescriptionService, cuba_RelatedEntitiesService, cuba_EntitySqlGenerationService, cuba_NumberIdService, cuba_QueryResultsService, cuba_DynamicAttributesCacheService, cuba_EntityRestoreService, cuba_LocalFileExchangeService, cuba_EntityImportExportService, cuba_ScreenProfilerService, cuba_ServerTokenStore, cuba_IdpService]
2017-04-04 20:19:52.701 INFO  [localhost-startStop-1] com.haulmont.cuba.web.sys.remoting.WebRemoteProxyBeanCreator - Configuring proxy beans for local service invocations: [ams_NewService]
2017-04-04 20:19:53.672 INFO  [localhost-startStop-1] com.haulmont.chile.core.datatypes.Datatypes - Can't find /datatypes.xml, using default datatypes settings
2017-04-04 20:19:56.051 INFO  [localhost-startStop-1] com.haulmont.cuba.core.sys.CubaThreadPoolTaskScheduler - Initializing ExecutorService  'scheduler'
2017-04-04 20:19:56.912 INFO  [localhost-startStop-1] com.haulmont.cuba.core.sys.jmx.MBeanExporter - Registering beans for JMX exposure: [app.cuba:type=ConfigStorage, app.cuba:type=CachingFacade, app.cuba:type=FileUploading, app.cuba:type=JmxNodeIdentifier, app.cuba:type=JmxLogControl, app.cuba:type=ClassLoaderManager, app.cuba:type=StatisticsCounter]
2017-04-04 20:19:56.992 INFO  [localhost-startStop-1] com.haulmont.cuba.web.sys.WebAppContextLoader - AppContext initialized
2017-04-04 20:19:57.063 INFO  [localhost-startStop-1] com.haulmont.cuba.web.sys.CubaDispatcherServlet - FrameworkServlet 'dispatcher': initialization started
2017-04-04 20:19:57.068 INFO  [localhost-startStop-1] com.haulmont.cuba.core.sys.CubaXmlWebApplicationContext - Refreshing WebApplicationContext for namespace 'dispatcher-servlet': startup date [Tue Apr 04 20:19:57 IST 2017]; parent: com.haulmont.cuba.core.sys.CubaClassPathXmlApplicationContext@d465671
2017-04-04 20:20:01.426 INFO  [localhost-startStop-1] com.haulmont.cuba.web.sys.CubaDispatcherServlet - FrameworkServlet 'dispatcher': initialization completed in 4362 ms
2017-04-04 20:20:01.430 INFO  [localhost-startStop-1] com.haulmont.restapi.sys.CubaRestApiServlet - FrameworkServlet 'rest_api': initialization started
2017-04-04 20:20:01.433 INFO  [localhost-startStop-1] com.haulmont.cuba.core.sys.CubaXmlWebApplicationContext - Refreshing WebApplicationContext for namespace 'rest_api-servlet': startup date [Tue Apr 04 20:20:01 IST 2017]; parent: com.haulmont.cuba.core.sys.CubaClassPathXmlApplicationContext@d465671
2017-04-04 20:20:06.599 INFO  [localhost-startStop-1] com.haulmont.restapi.sys.CubaRestApiServlet - FrameworkServlet 'rest_api': initialization completed in 5168 ms
2017-04-04 20:20:18.239 DEBUG [http-nio-8080-exec-15] com.haulmont.cuba.gui.theme.ThemeConstantsRepository - Loading theme constants
2017-04-04 20:20:18.355 DEBUG [http-nio-8080-exec-15] com.haulmont.cuba.web.App - Initializing application
2017-04-04 20:20:20.203 DEBUG [http-nio-8080-exec-15/app/anonymous] com.haulmont.cuba.web.DefaultApp - connectionStateChanged connected: true, authenticated: false
2017-04-04 20:20:20.203 DEBUG [http-nio-8080-exec-15/app/anonymous] com.haulmont.cuba.web.App - Closing all windows
2017-04-04 20:20:20.296 INFO  [http-nio-8080-exec-15/app/anonymous] com.haulmont.cuba.core.sys.MetadataImpl - Initializing metadata
2017-04-04 20:20:20.965 INFO  [http-nio-8080-exec-15/app/anonymous] com.haulmont.cuba.core.sys.MetadataImpl - Metadata initialized in 667ms
2017-04-04 20:20:24.263 DEBUG [http-nio-8080-exec-15/app/anonymous] com.haulmont.cuba.web.AbstractConnection - Logged in: user=anonymous, ip=127.0.0.1, clientInfo=Web (localhost:8080/app) Mozilla/5.0 (X11; Linux x86_64) AppleWebKit/537.36 (KHTML, like Gecko) Chrome/57.0.2987.110 Safari/537.36
2017-04-04 20:31:35.254 INFO  [http-nio-8080-exec-101/app-core/anonymous] com.haulmont.cuba.security.app.LoginWorkerBean - Logged in: 7c4ab868-456b-173b-cb2b-040257cc2c99 [admin]
2017-04-04 20:31:35.431 DEBUG [http-nio-8080-exec-101/app/admin] com.haulmont.cuba.web.DefaultApp - connectionStateChanged connected: true, authenticated: true
2017-04-04 20:31:35.433 DEBUG [http-nio-8080-exec-101/app/admin] com.haulmont.cuba.web.App - Closing all windows
2017-04-04 20:31:35.440 DEBUG [http-nio-8080-exec-101/app/admin] com.haulmont.cuba.web.DefaultApp - Session reinitialized: HttpSession=org.apache.catalina.session.StandardSessionFacade@77dcda8b, timeout=1800sec, UserSession=7c4ab868-456b-173b-cb2b-040257cc2c99 [admin]
2017-04-04 20:31:35.762 INFO  [ClientCacheManager-pool-3-thread-1] com.haulmont.cuba.security.app.LoginWorkerBean - Logged in: 0be52263-13be-711b-e27f-dca593b9272d [admin]
2017-04-04 20:31:36.271 INFO  [http-nio-8080-exec-101/app/admin] com.haulmont.cuba.client.sys.ViewRepositoryClientImpl - Initializing views
2017-04-04 20:31:36.281 DEBUG [http-nio-8080-exec-101/app/admin] com.haulmont.cuba.client.sys.ViewRepositoryClientImpl - Deploying views config: cuba-views.xml
2017-04-04 20:31:36.304 DEBUG [http-nio-8080-exec-101/app/admin] com.haulmont.cuba.client.sys.ViewRepositoryClientImpl - Deploying views config: com/company/ams/views.xml
2017-04-04 20:31:36.375 DEBUG [http-nio-8080-exec-101/app-core/admin] com.haulmont.cuba.core.app.StoreFactory - No implementation is specified for _MAIN_ store, using RdbmsStore
2017-04-04 20:31:36.535 DEBUG [http-nio-8080-exec-101/app-core/admin] com.haulmont.cuba.core.app.RdbmsStore - loadList: metaClass=sec$UserSubstitution, view=com.haulmont.cuba.security.entity.UserSubstitution/app, query=select us from sec$UserSubstitution us where us.user.id = :userId and (us.endDate is null or us.endDate >= :currentDate) and (us.startDate is null or us.startDate <= :currentDate) and (us.substitutedUser.active = true or us.substitutedUser.active is null) order by us.substitutedUser.name
2017-04-04 20:31:37.309 DEBUG [http-nio-8080-exec-101/app-core/admin] com.haulmont.cuba.core.app.FoldersServiceBean - Loading AppFolders
2017-04-04 20:31:37.426 DEBUG [http-nio-8080-exec-101/app-core/admin] com.haulmont.cuba.core.app.FoldersServiceBean - Loading SearchFolders
2017-04-04 20:31:37.647 DEBUG [http-nio-8080-exec-101/app/admin] com.haulmont.cuba.web.AbstractConnection - Logged in: user=admin, ip=127.0.0.1, clientInfo=Web (localhost:8080/app) Mozilla/5.0 (X11; Linux x86_64) AppleWebKit/537.36 (KHTML, like Gecko) Chrome/57.0.2987.110 Safari/537.36
2017-04-04 20:31:48.885 DEBUG [http-nio-8080-exec-10/app/admin] com.haulmont.cuba.web.App - Closing all windows
2017-04-04 20:31:48.886 DEBUG [http-nio-8080-exec-10/app-core/admin] com.haulmont.cuba.security.app.UserSessions - Removed session: 7c4ab868-456b-173b-cb2b-040257cc2c99 [admin], since: Tue Apr 04 20:31:35 IST 2017, lastUsed: Tue Apr 04 20:31:35 IST 2017
2017-04-04 20:31:48.887 INFO  [http-nio-8080-exec-10/app-core/admin] com.haulmont.cuba.security.app.LoginWorkerBean - Logged out: 7c4ab868-456b-173b-cb2b-040257cc2c99 [admin]
2017-04-04 20:31:48.887 DEBUG [http-nio-8080-exec-10] com.haulmont.cuba.web.DefaultApp - connectionStateChanged connected: false, authenticated: false
2017-04-04 20:31:48.887 DEBUG [http-nio-8080-exec-10] com.haulmont.cuba.web.App - Closing all windows
2017-04-04 20:31:48.898 DEBUG [http-nio-8080-exec-10/app/anonymous] com.haulmont.cuba.web.DefaultApp - connectionStateChanged connected: true, authenticated: false
2017-04-04 20:31:48.898 DEBUG [http-nio-8080-exec-10/app/anonymous] com.haulmont.cuba.web.App - Closing all windows
2017-04-04 20:31:48.921 DEBUG [http-nio-8080-exec-10/app/anonymous] com.haulmont.cuba.web.AbstractConnection - Logged in: user=anonymous, ip=127.0.0.1, clientInfo=Web (localhost:8080/app) Mozilla/5.0 (X11; Linux x86_64) AppleWebKit/537.36 (KHTML, like Gecko) Chrome/57.0.2987.110 Safari/537.36
2017-04-04 20:32:03.142 INFO  [localhost-startStop-2] com.haulmont.cuba.core.sys.CubaXmlWebApplicationContext - Closing WebApplicationContext for namespace 'rest_api-servlet': startup date [Tue Apr 04 20:20:01 IST 2017]; parent: com.haulmont.cuba.core.sys.CubaClassPathXmlApplicationContext@d465671
2017-04-04 20:32:03.419 INFO  [localhost-startStop-2] com.haulmont.cuba.core.sys.CubaXmlWebApplicationContext - Closing WebApplicationContext for namespace 'dispatcher-servlet': startup date [Tue Apr 04 20:19:57 IST 2017]; parent: com.haulmont.cuba.core.sys.CubaClassPathXmlApplicationContext@d465671
2017-04-04 20:32:03.609 INFO  [localhost-startStop-2] com.haulmont.cuba.core.sys.CubaClassPathXmlApplicationContext - Closing com.haulmont.cuba.core.sys.CubaClassPathXmlApplicationContext@d465671: startup date [Tue Apr 04 20:19:48 IST 2017]; root of context hierarchy
2017-04-04 20:32:03.620 INFO  [localhost-startStop-2] com.haulmont.cuba.core.sys.CubaThreadPoolTaskScheduler - Shutting down ExecutorService 'scheduler'
